<?xml version="1.0" encoding="UTF-8"?>
<!-- Generated by org.testng.reporters.JUnitXMLReporter -->
<testsuite ignored="0" hostname="DESKTOP-R5T0I10" failures="0" tests="4" name="Default test" time="92.748" errors="0" timestamp="02 Jun 2024 10:14:57 GMT">
  <testcase classname="testScripts.LoginOHRMUsingExcel" name="testMethod" time="32.78"/>
  <testcase classname="testScripts.LoginOHRMUsingExcel" name="testMethod" time="15.259"/>
  <testcase classname="testScripts.LoginOHRMUsingExcel" name="testMethod" time="24.779"/>
  <testcase classname="testScripts.LoginOHRMUsingExcel" name="testMethod" time="18.184"/>
</testsuite> <!-- Default test -->
