<?xml version="1.0" encoding="UTF-8"?>
<testng-results ignored="0" total="4" passed="4" failed="0" skipped="0">
  <reporter-output>
  </reporter-output>
  <suite started-at="2024-06-02T10:13:24Z" name="Default suite" finished-at="2024-06-02T10:14:56Z" duration-ms="92748">
    <groups>
    </groups>
    <test started-at="2024-06-02T10:13:24Z" name="Default test" finished-at="2024-06-02T10:14:56Z" duration-ms="92748">
      <class name="testScripts.LoginOHRMUsingExcel">
        <test-method signature="testMethod(java.lang.String, java.lang.String)[pri:0, instance:testScripts.LoginOHRMUsingExcel@2ef14fe]" started-at="2024-06-02T15:43:25Z" name="testMethod" data-provider="dataProviderMethod1" finished-at="2024-06-02T15:43:58Z" duration-ms="32780" status="PASS">
          <params>
            <param index="0">
              <value>
                <![CDATA[admin]]>
              </value>
            </param>
            <param index="1">
              <value>
                <![CDATA[admin123]]>
              </value>
            </param>
          </params>
          <reporter-output>
          </reporter-output>
        </test-method> <!-- testMethod -->
        <test-method signature="testMethod(java.lang.String, java.lang.String)[pri:0, instance:testScripts.LoginOHRMUsingExcel@2ef14fe]" started-at="2024-06-02T15:43:58Z" name="testMethod" data-provider="dataProviderMethod1" finished-at="2024-06-02T15:44:13Z" duration-ms="15259" status="PASS">
          <params>
            <param index="0">
              <value>
                <![CDATA[test1]]>
              </value>
            </param>
            <param index="1">
              <value>
                <![CDATA[test123]]>
              </value>
            </param>
          </params>
          <reporter-output>
          </reporter-output>
        </test-method> <!-- testMethod -->
        <test-method signature="testMethod(java.lang.String, java.lang.String)[pri:0, instance:testScripts.LoginOHRMUsingExcel@2ef14fe]" started-at="2024-06-02T15:44:13Z" name="testMethod" data-provider="dataProviderMethod1" finished-at="2024-06-02T15:44:38Z" duration-ms="24779" status="PASS">
          <params>
            <param index="0">
              <value>
                <![CDATA[digvijay]]>
              </value>
            </param>
            <param index="1">
              <value>
                <![CDATA[thakur]]>
              </value>
            </param>
          </params>
          <reporter-output>
          </reporter-output>
        </test-method> <!-- testMethod -->
        <test-method signature="testMethod(java.lang.String, java.lang.String)[pri:0, instance:testScripts.LoginOHRMUsingExcel@2ef14fe]" started-at="2024-06-02T15:44:38Z" name="testMethod" data-provider="dataProviderMethod1" finished-at="2024-06-02T15:44:56Z" duration-ms="18184" status="PASS">
          <params>
            <param index="0">
              <value>
                <![CDATA[Hello]]>
              </value>
            </param>
            <param index="1">
              <value>
                <![CDATA[World]]>
              </value>
            </param>
          </params>
          <reporter-output>
          </reporter-output>
        </test-method> <!-- testMethod -->
      </class> <!-- testScripts.LoginOHRMUsingExcel -->
    </test> <!-- Default test -->
  </suite> <!-- Default suite -->
</testng-results>
