<?xml version="1.0" encoding="UTF-8"?>
<testsuite xmlns:xsi="http://www.w3.org/2001/XMLSchema-instance" xsi:noNamespaceSchemaLocation="https://maven.apache.org/surefire/maven-surefire-plugin/xsd/surefire-test-report.xsd" name="TestRunnerLibrary.Test" time="75.919" tests="5" errors="0" skipped="0" failures="0">
  <properties>
[...]
</properties>
  <testcase name="Login with valid inputs" classname="Login to OrangeHRM And Admin Add new user successfully" time="13.901"/>
  <testcase name="Admin Add new user" classname="Login to OrangeHRM And Admin Add new user successfully" time="6.985"/>
  <testcase name="Login with valid inputs" classname="Login to OrangeHRM And Admin edit My Information" time="37.58"/>
  <testcase name="Admin enter data into My info" classname="Login to OrangeHRM And Admin edit My Information" time="4.995"/>
  <testcase name="Login with valid inputs 24july" classname="Login to OrangeHRM 24july" time="10.796"/>
</testsuite>